2020-12-18 16:18:46,429 [TestNG-test=Test-1] INFO  utility.csvSSLRead - Reading file :: C:\Code\Modes_Automation\input\Salesforce_SG.csv
2020-12-18 16:18:46,914 [TestNG-test=Test-1] INFO  utility.csvSSLRead - Thread started :: C:\Code\Modes_Automation\input\Salesforce_SG.csv
2020-12-18 16:18:48,639 [pool-1-thread-17] INFO  utility.callAPISSL - Success ::
2020-12-18 16:18:50,174 [pool-1-thread-10] INFO  utility.callAPISSL - Success ::
2020-12-18 16:18:51,626 [pool-1-thread-25] INFO  utility.callAPISSL - Success ::
2020-12-18 16:18:51,754 [pool-1-thread-13] INFO  utility.callAPISSL - Success ::
2020-12-18 16:18:51,981 [pool-1-thread-12] INFO  utility.callAPISSL - Success ::
2020-12-18 16:18:52,252 [pool-1-thread-26] INFO  utility.callAPISSL - Success ::
2020-12-18 16:18:52,773 [pool-1-thread-44] INFO  utility.callAPISSL - Success ::
2020-12-18 16:18:52,964 [pool-1-thread-31] INFO  utility.callAPISSL - Success ::
2020-12-18 16:18:53,005 [pool-1-thread-45] INFO  utility.callAPISSL - Success ::
2020-12-18 16:18:53,732 [pool-1-thread-47] INFO  utility.callAPISSL - Success ::
2020-12-18 16:18:53,933 [pool-1-thread-37] INFO  utility.callAPISSL - Success ::
2020-12-18 16:18:54,110 [pool-1-thread-15] INFO  utility.callAPISSL - Success ::
2020-12-18 16:18:54,143 [pool-1-thread-14] INFO  utility.callAPISSL - Success ::
2020-12-18 16:18:54,326 [pool-1-thread-30] INFO  utility.callAPISSL - Success ::
2020-12-18 16:18:54,420 [pool-1-thread-43] INFO  utility.callAPISSL - Success ::
2020-12-18 16:18:55,138 [pool-1-thread-16] INFO  utility.callAPISSL - Success ::
2020-12-18 16:18:55,452 [pool-1-thread-44] INFO  utility.callAPISSL - Success ::
2020-12-18 16:18:55,591 [pool-1-thread-12] INFO  utility.callAPISSL - Success ::
2020-12-18 16:18:55,693 [pool-1-thread-11] INFO  utility.callAPISSL - Success ::
2020-12-18 16:18:55,732 [pool-1-thread-8] INFO  utility.callAPISSL - Success ::
2020-12-18 16:18:55,944 [pool-1-thread-21] INFO  utility.callAPISSL - Success ::
2020-12-18 16:18:56,387 [pool-1-thread-28] INFO  utility.callAPISSL - Success ::
2020-12-18 16:18:56,574 [pool-1-thread-39] INFO  utility.callAPISSL - Success ::
2020-12-18 16:18:56,716 [pool-1-thread-10] INFO  utility.callAPISSL - Success ::
2020-12-18 16:18:56,716 [pool-1-thread-41] INFO  utility.callAPISSL - Success ::
2020-12-18 16:18:56,747 [pool-1-thread-2] INFO  utility.callAPISSL - Success ::
2020-12-18 16:18:56,747 [pool-1-thread-40] INFO  utility.callAPISSL - Success ::
2020-12-18 16:18:56,810 [pool-1-thread-13] INFO  utility.callAPISSL - Success ::
2020-12-18 16:18:56,826 [pool-1-thread-5] INFO  utility.callAPISSL - Success ::
2020-12-18 16:18:56,856 [pool-1-thread-27] INFO  utility.callAPISSL - Success ::
2020-12-18 16:18:56,857 [pool-1-thread-46] INFO  utility.callAPISSL - Success ::
2020-12-18 16:18:56,881 [pool-1-thread-23] INFO  utility.callAPISSL - Success ::
2020-12-18 16:18:56,974 [pool-1-thread-6] INFO  utility.callAPISSL - Success ::
2020-12-18 16:18:57,029 [pool-1-thread-18] INFO  utility.callAPISSL - Success ::
2020-12-18 16:18:57,097 [pool-1-thread-42] INFO  utility.callAPISSL - Success ::
2020-12-18 16:18:57,131 [pool-1-thread-1] INFO  utility.callAPISSL - Success ::
2020-12-18 16:18:57,132 [pool-1-thread-32] INFO  utility.callAPISSL - Success ::
2020-12-18 16:18:57,144 [pool-1-thread-9] INFO  utility.callAPISSL - Success ::
2020-12-18 16:18:57,170 [pool-1-thread-7] INFO  utility.callAPISSL - Success ::
2020-12-18 16:18:57,272 [pool-1-thread-25] INFO  utility.callAPISSL - Success ::
2020-12-18 16:18:57,524 [pool-1-thread-20] INFO  utility.callAPISSL - Success ::
2020-12-18 16:18:57,528 [pool-1-thread-15] INFO  utility.callAPISSL - Success ::
2020-12-18 16:18:57,553 [pool-1-thread-4] INFO  utility.callAPISSL - Success ::
2020-12-18 16:18:57,565 [pool-1-thread-44] INFO  utility.callAPISSL - Success ::
2020-12-18 16:18:57,567 [pool-1-thread-34] INFO  utility.callAPISSL - Success ::
2020-12-18 16:18:57,578 [pool-1-thread-36] INFO  utility.callAPISSL - Success ::
2020-12-18 16:18:57,785 [pool-1-thread-17] INFO  utility.callAPISSL - Success ::
2020-12-18 16:18:57,798 [pool-1-thread-24] INFO  utility.callAPISSL - Success ::
2020-12-18 16:18:57,798 [pool-1-thread-35] INFO  utility.callAPISSL - Success ::
2020-12-18 16:18:57,889 [pool-1-thread-11] INFO  utility.callAPISSL - Success ::
2020-12-18 16:18:58,043 [pool-1-thread-8] INFO  utility.callAPISSL - Success ::
2020-12-18 16:18:58,065 [pool-1-thread-21] INFO  utility.callAPISSL - Success ::
2020-12-18 16:18:58,066 [pool-1-thread-8] INFO  utility.callAPISSL - Error records :400 :: null :: {"recordId":"CD_101","contactFullName":"","contactEmail":"andrew.j.ward@hotmail.co.uk","phone":"658223 3725","contactFirstName":"Andrew","companyName":"Wärtsilä Corporation","contactLastName":"Ward","contactCountry":"SG","contactJobTitle":"Sales director","contactMiddleName":"","companyWebAddress":"hotmail.co.uk"}
2020-12-18 16:18:58,075 [pool-1-thread-21] INFO  utility.callAPISSL - Error records :400 :: null :: {"recordId":"CD_102","contactFullName":"","contactEmail":"luke.morsillo@wartsila.com","phone":"656265 91226568617401","contactFirstName":"Luke","companyName":"Wärtsilä Singapore Pte Ltd","contactLastName":"Morsillo","contactCountry":"SG","contactJobTitle":"Manager, Strategic Innovation","contactMiddleName":"","companyWebAddress":"wartsila.com"}
2020-12-18 16:18:58,179 [pool-1-thread-46] INFO  utility.callAPISSL - Success ::
2020-12-18 16:18:58,181 [pool-1-thread-39] INFO  utility.callAPISSL - Success ::
2020-12-18 16:18:58,188 [pool-1-thread-36] INFO  utility.callAPISSL - Success ::
2020-12-18 16:18:58,190 [pool-1-thread-14] INFO  utility.callAPISSL - Success ::
2020-12-18 16:18:58,209 [pool-1-thread-49] INFO  utility.callAPISSL - Success ::
2020-12-18 16:18:58,256 [pool-1-thread-40] INFO  utility.callAPISSL - Success ::
2020-12-18 16:18:58,682 [pool-1-thread-50] INFO  utility.callAPISSL - Success ::
2020-12-18 16:18:58,982 [pool-1-thread-15] INFO  utility.callAPISSL - Success ::
2020-12-18 16:18:59,084 [pool-1-thread-45] INFO  utility.callAPISSL - Success ::
2020-12-18 16:18:59,096 [pool-1-thread-49] INFO  utility.callAPISSL - Success ::
2020-12-18 16:18:59,113 [pool-1-thread-1] INFO  utility.callAPISSL - Success ::
2020-12-18 16:18:59,127 [pool-1-thread-41] INFO  utility.callAPISSL - Success ::
2020-12-18 16:18:59,145 [pool-1-thread-33] INFO  utility.callAPISSL - Success ::
2020-12-18 16:18:59,172 [pool-1-thread-36] INFO  utility.callAPISSL - Success ::
2020-12-18 16:18:59,271 [pool-1-thread-43] INFO  utility.callAPISSL - Success ::
2020-12-18 16:18:59,829 [pool-1-thread-7] INFO  utility.callAPISSL - Success ::
2020-12-18 16:18:59,986 [pool-1-thread-18] INFO  utility.callAPISSL - Success ::
2020-12-18 16:18:59,986 [pool-1-thread-42] INFO  utility.callAPISSL - Success ::
2020-12-18 16:19:00,046 [pool-1-thread-1] INFO  utility.callAPISSL - Success ::
2020-12-18 16:19:00,662 [pool-1-thread-39] INFO  utility.callAPISSL - Success ::
2020-12-18 16:19:00,791 [pool-1-thread-37] INFO  utility.callAPISSL - Success ::
2020-12-18 16:19:00,951 [pool-1-thread-28] INFO  utility.callAPISSL - Success ::
2020-12-18 16:19:01,311 [pool-1-thread-40] INFO  utility.callAPISSL - Success ::
2020-12-18 16:19:01,350 [pool-1-thread-47] INFO  utility.callAPISSL - Success ::
2020-12-18 16:19:01,372 [pool-1-thread-10] INFO  utility.callAPISSL - Success ::
2020-12-18 16:19:02,010 [pool-1-thread-21] INFO  utility.callAPISSL - Success ::
2020-12-18 16:19:02,396 [pool-1-thread-25] INFO  utility.callAPISSL - Success ::
2020-12-18 16:19:02,532 [pool-1-thread-49] INFO  utility.callAPISSL - Success ::
2020-12-18 16:19:02,727 [pool-1-thread-20] INFO  utility.callAPISSL - Success ::
2020-12-18 16:19:02,753 [pool-1-thread-6] INFO  utility.callAPISSL - Success ::
2020-12-18 16:19:02,936 [pool-1-thread-11] INFO  utility.callAPISSL - Success ::
2020-12-18 16:19:02,938 [pool-1-thread-3] INFO  utility.callAPISSL - Success ::
2020-12-18 16:19:02,997 [pool-1-thread-9] INFO  utility.callAPISSL - Success ::
2020-12-18 16:19:03,106 [pool-1-thread-43] INFO  utility.callAPISSL - Success ::
2020-12-18 16:19:03,152 [pool-1-thread-34] INFO  utility.callAPISSL - Success ::
2020-12-18 16:19:03,218 [pool-1-thread-2] INFO  utility.callAPISSL - Success ::
2020-12-18 16:19:03,342 [pool-1-thread-50] INFO  utility.callAPISSL - Success ::
2020-12-18 16:19:03,394 [pool-1-thread-8] INFO  utility.callAPISSL - Success ::
2020-12-18 16:19:03,732 [pool-1-thread-37] INFO  utility.callAPISSL - Success ::
2020-12-18 16:19:03,748 [pool-1-thread-15] INFO  utility.callAPISSL - Success ::
2020-12-18 16:19:04,013 [pool-1-thread-10] INFO  utility.callAPISSL - Success ::
2020-12-18 16:19:04,013 [pool-1-thread-46] INFO  utility.callAPISSL - Success ::
2020-12-18 16:19:04,448 [pool-1-thread-23] INFO  utility.callAPISSL - Success ::
2020-12-18 16:19:04,492 [pool-1-thread-4] INFO  utility.callAPISSL - Success ::
2020-12-18 16:19:04,514 [pool-1-thread-27] INFO  utility.callAPISSL - Success ::
2020-12-18 16:19:04,546 [pool-1-thread-30] INFO  utility.callAPISSL - Success ::
2020-12-18 16:19:04,635 [pool-1-thread-21] INFO  utility.callAPISSL - Success ::
2020-12-18 16:19:04,691 [pool-1-thread-32] INFO  utility.callAPISSL - Success ::
2020-12-18 16:19:04,701 [pool-1-thread-45] INFO  utility.callAPISSL - Success ::
2020-12-18 16:19:04,702 [pool-1-thread-28] INFO  utility.callAPISSL - Success ::
2020-12-18 16:19:04,716 [pool-1-thread-36] INFO  utility.callAPISSL - Success ::
2020-12-18 16:19:04,800 [pool-1-thread-35] INFO  utility.callAPISSL - Success ::
2020-12-18 16:19:05,115 [pool-1-thread-17] INFO  utility.callAPISSL - Success ::
2020-12-18 16:19:05,118 [pool-1-thread-31] INFO  utility.callAPISSL - Success ::
2020-12-18 16:19:05,125 [pool-1-thread-13] INFO  utility.callAPISSL - Success ::
2020-12-18 16:19:05,189 [pool-1-thread-1] INFO  utility.callAPISSL - Success ::
2020-12-18 16:19:05,194 [pool-1-thread-7] INFO  utility.callAPISSL - Success ::
2020-12-18 16:19:05,233 [pool-1-thread-33] INFO  utility.callAPISSL - Success ::
2020-12-18 16:19:05,247 [pool-1-thread-41] INFO  utility.callAPISSL - Success ::
2020-12-18 16:19:05,279 [pool-1-thread-18] INFO  utility.callAPISSL - Success ::
2020-12-18 16:19:05,310 [pool-1-thread-40] INFO  utility.callAPISSL - Success ::
2020-12-18 16:19:05,654 [pool-1-thread-24] INFO  utility.callAPISSL - Success ::
2020-12-18 16:19:05,732 [pool-1-thread-39] INFO  utility.callAPISSL - Success ::
2020-12-18 16:19:06,004 [pool-1-thread-6] INFO  utility.callAPISSL - Success ::
2020-12-18 16:19:07,031 [pool-1-thread-17] INFO  utility.callAPISSL - Success ::
2020-12-18 16:19:07,154 [pool-1-thread-20] INFO  utility.callAPISSL - Success ::
2020-12-18 16:19:07,435 [pool-1-thread-4] INFO  utility.callAPISSL - Success ::
2020-12-18 16:19:07,591 [pool-1-thread-30] INFO  utility.callAPISSL - Success ::
2020-12-18 16:19:08,055 [pool-1-thread-47] INFO  utility.callAPISSL - Success ::
2020-12-18 16:19:08,226 [pool-1-thread-40] INFO  utility.callAPISSL - Success ::
2020-12-18 16:19:08,317 [pool-1-thread-34] INFO  utility.callAPISSL - Success ::
2020-12-18 16:19:08,326 [pool-1-thread-15] INFO  utility.callAPISSL - Success ::
2020-12-18 16:19:08,351 [pool-1-thread-45] INFO  utility.callAPISSL - Success ::
2020-12-18 16:19:08,351 [pool-1-thread-31] INFO  utility.callAPISSL - Success ::
2020-12-18 16:19:08,482 [pool-1-thread-2] INFO  utility.callAPISSL - Success ::
2020-12-18 16:19:08,501 [pool-1-thread-10] INFO  utility.callAPISSL - Success ::
2020-12-18 16:19:08,614 [pool-1-thread-3] INFO  utility.callAPISSL - Success ::
2020-12-18 16:19:08,648 [pool-1-thread-32] INFO  utility.callAPISSL - Success ::
2020-12-18 16:19:08,671 [pool-1-thread-23] INFO  utility.callAPISSL - Success ::
2020-12-18 16:19:08,688 [pool-1-thread-27] INFO  utility.callAPISSL - Success ::
2020-12-18 16:19:08,809 [pool-1-thread-19] INFO  utility.callAPISSL - Success ::
2020-12-18 16:19:08,821 [pool-1-thread-18] INFO  utility.callAPISSL - Success ::
2020-12-18 16:19:08,833 [pool-1-thread-8] INFO  utility.callAPISSL - Success ::
2020-12-18 16:19:08,847 [pool-1-thread-11] INFO  utility.callAPISSL - Success ::
2020-12-18 16:19:09,279 [pool-1-thread-49] INFO  utility.callAPISSL - Success ::
2020-12-18 16:19:09,279 [pool-1-thread-4] INFO  utility.callAPISSL - Success ::
2020-12-18 16:19:09,310 [pool-1-thread-13] INFO  utility.callAPISSL - Success ::
2020-12-18 16:19:09,326 [pool-1-thread-1] INFO  utility.callAPISSL - Success ::
2020-12-18 16:19:09,326 [pool-1-thread-43] INFO  utility.callAPISSL - Success ::
2020-12-18 16:19:09,326 [pool-1-thread-50] INFO  utility.callAPISSL - Success ::
2020-12-18 16:19:10,130 [pool-1-thread-6] INFO  utility.callAPISSL - Success ::
2020-12-18 16:19:10,130 [pool-1-thread-3] INFO  utility.callAPISSL - Success ::
2020-12-18 16:19:10,245 [pool-1-thread-21] INFO  utility.callAPISSL - Success ::
2020-12-18 16:19:10,254 [pool-1-thread-8] INFO  utility.callAPISSL - Success ::
2020-12-18 16:19:10,825 [pool-1-thread-19] INFO  utility.callAPISSL - Success ::
2020-12-18 16:19:10,882 [pool-1-thread-25] INFO  utility.callAPISSL - Success ::
2020-12-18 16:19:10,895 [pool-1-thread-18] INFO  utility.callAPISSL - Success ::
2020-12-18 16:19:10,987 [pool-1-thread-37] INFO  utility.callAPISSL - Success ::
2020-12-18 16:19:11,279 [pool-1-thread-22] INFO  utility.callAPISSL - Success ::
2020-12-18 16:19:11,279 [pool-1-thread-49] INFO  utility.callAPISSL - Success ::
2020-12-18 16:19:11,279 [pool-1-thread-47] INFO  utility.callAPISSL - Success ::
2020-12-18 16:19:11,334 [pool-1-thread-40] INFO  utility.callAPISSL - Success ::
2020-12-18 16:19:11,334 [pool-1-thread-23] INFO  utility.callAPISSL - Success ::
2020-12-18 16:19:11,435 [pool-1-thread-10] INFO  utility.callAPISSL - Success ::
2020-12-18 16:19:11,820 [pool-1-thread-50] INFO  utility.callAPISSL - Success ::
2020-12-18 16:19:11,872 [pool-1-thread-2] INFO  utility.callAPISSL - Success ::
2020-12-18 16:19:12,082 [pool-1-thread-37] INFO  utility.callAPISSL - Success ::
2020-12-18 16:19:12,154 [pool-1-thread-7] INFO  utility.callAPISSL - Success ::
2020-12-18 16:19:12,233 [pool-1-thread-27] INFO  utility.callAPISSL - Success ::
2020-12-18 16:19:12,482 [pool-1-thread-34] INFO  utility.callAPISSL - Success ::
2020-12-18 16:19:12,499 [pool-1-thread-36] INFO  utility.callAPISSL - Success ::
2020-12-18 16:19:12,518 [pool-1-thread-50] INFO  utility.callAPISSL - Success ::
2020-12-18 16:19:12,530 [pool-1-thread-32] INFO  utility.callAPISSL - Success ::
2020-12-18 16:19:12,752 [pool-1-thread-4] INFO  utility.callAPISSL - Success ::
2020-12-18 16:19:12,910 [pool-1-thread-43] INFO  utility.callAPISSL - Success ::
2020-12-18 16:19:13,009 [pool-1-thread-46] INFO  utility.callAPISSL - Success ::
2020-12-18 16:19:13,053 [pool-1-thread-31] INFO  utility.callAPISSL - Success ::
2020-12-18 16:19:13,152 [pool-1-thread-26] INFO  utility.callAPISSL - Success ::
2020-12-18 16:19:13,165 [pool-1-thread-49] INFO  utility.callAPISSL - Success ::
2020-12-18 16:19:13,256 [pool-1-thread-24] INFO  utility.callAPISSL - Success ::
2020-12-18 16:19:13,347 [pool-1-thread-11] INFO  utility.callAPISSL - Success ::
2020-12-18 16:19:13,491 [pool-1-thread-38] INFO  utility.callAPISSL - Success ::
2020-12-18 16:19:13,523 [pool-1-thread-45] INFO  utility.callAPISSL - Success ::
2020-12-18 16:19:13,738 [pool-1-thread-13] INFO  utility.callAPISSL - Success ::
2020-12-18 16:19:13,987 [pool-1-thread-7] INFO  utility.callAPISSL - Success ::
2020-12-18 16:19:14,041 [pool-1-thread-19] INFO  utility.callAPISSL - Success ::
2020-12-18 16:19:14,110 [pool-1-thread-33] INFO  utility.callAPISSL - Success ::
2020-12-18 16:19:14,113 [pool-1-thread-41] INFO  utility.callAPISSL - Success ::
2020-12-18 16:19:14,127 [pool-1-thread-39] INFO  utility.callAPISSL - Success ::
2020-12-18 16:19:14,155 [pool-1-thread-30] INFO  utility.callAPISSL - Success ::
2020-12-18 16:19:14,176 [pool-1-thread-32] INFO  utility.callAPISSL - Success ::
2020-12-18 16:19:14,177 [pool-1-thread-11] INFO  utility.callAPISSL - Success ::
2020-12-18 16:19:14,449 [pool-1-thread-34] INFO  utility.callAPISSL - Success ::
2020-12-18 16:19:14,462 [pool-1-thread-34] INFO  utility.callAPISSL - Error records :400 :: null :: {"recordId":"CD_237","contactFullName":"","contactEmail":"ulrike.porepp@tuev-sued.de","phone":"654989 57913885","contactFirstName":"Ulrike","companyName":"TÜV SÜD AG","contactLastName":"Porepp","contactCountry":"SG","contactJobTitle":"Marketing Operations & Customer Insights \/ Global Marketing","contactMiddleName":"","companyWebAddress":"tuev-sued.de"}
2020-12-18 16:19:14,464 [pool-1-thread-25] INFO  utility.callAPISSL - Success ::
2020-12-18 16:19:14,863 [pool-1-thread-3] INFO  utility.callAPISSL - Success ::
2020-12-18 16:19:14,863 [pool-1-thread-37] INFO  utility.callAPISSL - Success ::
2020-12-18 16:19:14,903 [pool-1-thread-47] INFO  utility.callAPISSL - Success ::
2020-12-18 16:19:14,905 [pool-1-thread-4] INFO  utility.callAPISSL - Success ::
2020-12-18 16:19:15,004 [pool-1-thread-48] INFO  utility.callAPISSL - Success ::
2020-12-18 16:19:15,232 [pool-1-thread-1] INFO  utility.callAPISSL - Success ::
2020-12-18 16:19:15,591 [pool-1-thread-19] INFO  utility.callAPISSL - Success ::
2020-12-18 16:19:15,591 [pool-1-thread-33] INFO  utility.callAPISSL - Success ::
2020-12-18 16:19:15,737 [pool-1-thread-15] INFO  utility.callAPISSL - Success ::
2020-12-18 16:19:15,810 [pool-1-thread-23] INFO  utility.callAPISSL - Success ::
2020-12-18 16:19:16,072 [pool-1-thread-43] INFO  utility.callAPISSL - Success ::
2020-12-18 16:19:16,093 [pool-1-thread-27] INFO  utility.callAPISSL - Success ::
2020-12-18 16:19:16,110 [pool-1-thread-16] INFO  utility.callAPISSL - Success ::
2020-12-18 16:19:16,170 [pool-1-thread-22] INFO  utility.callAPISSL - Success ::
2020-12-18 16:19:16,257 [pool-1-thread-40] INFO  utility.callAPISSL - Success ::
2020-12-18 16:19:16,271 [pool-1-thread-17] INFO  utility.callAPISSL - Success ::
2020-12-18 16:19:16,277 [pool-1-thread-12] INFO  utility.callAPISSL - Success ::
2020-12-18 16:19:16,458 [pool-1-thread-15] INFO  utility.callAPISSL - Success ::
2020-12-18 16:19:16,690 [pool-1-thread-33] INFO  utility.callAPISSL - Success ::
2020-12-18 16:19:16,694 [pool-1-thread-19] INFO  utility.callAPISSL - Success ::
2020-12-18 16:19:16,802 [pool-1-thread-50] INFO  utility.callAPISSL - Success ::
2020-12-18 16:19:16,802 [pool-1-thread-41] INFO  utility.callAPISSL - Success ::
2020-12-18 16:19:16,897 [pool-1-thread-38] INFO  utility.callAPISSL - Success ::
2020-12-18 16:19:16,950 [pool-1-thread-10] INFO  utility.callAPISSL - Success ::
2020-12-18 16:19:16,968 [pool-1-thread-21] INFO  utility.callAPISSL - Success ::
2020-12-18 16:19:16,971 [pool-1-thread-17] INFO  utility.callAPISSL - Success ::
2020-12-18 16:19:16,984 [pool-1-thread-27] INFO  utility.callAPISSL - Success ::
2020-12-18 16:19:16,985 [pool-1-thread-7] INFO  utility.callAPISSL - Success ::
2020-12-18 16:19:17,014 [pool-1-thread-47] INFO  utility.callAPISSL - Success ::
2020-12-18 16:19:17,467 [pool-1-thread-11] INFO  utility.callAPISSL - Success ::
2020-12-18 16:19:17,596 [pool-1-thread-34] INFO  utility.callAPISSL - Success ::
2020-12-18 16:19:17,981 [pool-1-thread-22] INFO  utility.callAPISSL - Success ::
2020-12-18 16:19:18,061 [pool-1-thread-31] INFO  utility.callAPISSL - Success ::
2020-12-18 16:19:18,099 [pool-1-thread-45] INFO  utility.callAPISSL - Success ::
2020-12-18 16:19:18,195 [pool-1-thread-12] INFO  utility.callAPISSL - Success ::
2020-12-18 16:19:18,235 [pool-1-thread-19] INFO  utility.callAPISSL - Success ::
2020-12-18 16:19:18,264 [pool-1-thread-30] INFO  utility.callAPISSL - Success ::
2020-12-18 16:19:18,264 [pool-1-thread-43] INFO  utility.callAPISSL - Success ::
2020-12-18 16:19:18,506 [pool-1-thread-41] INFO  utility.callAPISSL - Success ::
2020-12-18 16:19:18,694 [pool-1-thread-32] INFO  utility.callAPISSL - Success ::
2020-12-18 16:19:18,705 [pool-1-thread-50] INFO  utility.callAPISSL - Success ::
2020-12-18 16:19:18,717 [pool-1-thread-25] INFO  utility.callAPISSL - Success ::
2020-12-18 16:19:18,824 [pool-1-thread-40] INFO  utility.callAPISSL - Success ::
2020-12-18 16:19:18,856 [pool-1-thread-43] INFO  utility.callAPISSL - Success ::
2020-12-18 16:19:18,937 [pool-1-thread-39] INFO  utility.callAPISSL - Success ::
2020-12-18 16:19:19,046 [pool-1-thread-1] INFO  utility.callAPISSL - Success ::
2020-12-18 16:19:19,091 [pool-1-thread-27] INFO  utility.callAPISSL - Success ::
2020-12-18 16:19:19,201 [pool-1-thread-48] INFO  utility.callAPISSL - Success ::
2020-12-18 16:19:19,216 [pool-1-thread-34] INFO  utility.callAPISSL - Success ::
2020-12-18 16:19:19,216 [pool-1-thread-50] INFO  utility.callAPISSL - Success ::
2020-12-18 16:19:19,248 [pool-1-thread-6] INFO  utility.callAPISSL - Success ::
2020-12-18 16:19:19,248 [pool-1-thread-22] INFO  utility.callAPISSL - Success ::
2020-12-18 16:19:19,463 [pool-1-thread-12] INFO  utility.callAPISSL - Success ::
2020-12-18 16:19:19,544 [pool-1-thread-26] INFO  utility.callAPISSL - Success ::
2020-12-18 16:19:19,579 [pool-1-thread-31] INFO  utility.callAPISSL - Success ::
2020-12-18 16:19:19,579 [pool-1-thread-44] INFO  utility.callAPISSL - Success ::
2020-12-18 16:19:19,732 [pool-1-thread-37] INFO  utility.callAPISSL - Success ::
2020-12-18 16:19:19,747 [pool-1-thread-3] INFO  utility.callAPISSL - Success ::
2020-12-18 16:19:20,194 [pool-1-thread-15] INFO  utility.callAPISSL - Success ::
2020-12-18 16:19:20,275 [pool-1-thread-30] INFO  utility.callAPISSL - Success ::
2020-12-18 16:19:20,357 [pool-1-thread-49] INFO  utility.callAPISSL - Success ::
2020-12-18 16:19:20,367 [pool-1-thread-37] INFO  utility.callAPISSL - Success ::
2020-12-18 16:19:20,418 [pool-1-thread-38] INFO  utility.callAPISSL - Success ::
2020-12-18 16:19:20,718 [pool-1-thread-16] INFO  utility.callAPISSL - Success ::
2020-12-18 16:19:20,959 [pool-1-thread-40] INFO  utility.callAPISSL - Success ::
2020-12-18 16:19:20,968 [pool-1-thread-45] INFO  utility.callAPISSL - Success ::
2020-12-18 16:19:20,979 [pool-1-thread-21] INFO  utility.callAPISSL - Success ::
2020-12-18 16:19:20,985 [pool-1-thread-12] INFO  utility.callAPISSL - Success ::
2020-12-18 16:19:20,990 [pool-1-thread-25] INFO  utility.callAPISSL - Success ::
2020-12-18 16:19:21,391 [pool-1-thread-13] INFO  utility.callAPISSL - Success ::
2020-12-18 16:19:21,430 [pool-1-thread-17] INFO  utility.callAPISSL - Success ::
2020-12-18 16:19:21,455 [pool-1-thread-1] INFO  utility.callAPISSL - Success ::
2020-12-18 16:19:21,579 [pool-1-thread-41] INFO  utility.callAPISSL - Success ::
2020-12-18 16:19:21,592 [pool-1-thread-3] INFO  utility.callAPISSL - Success ::
2020-12-18 16:19:21,600 [pool-1-thread-39] INFO  utility.callAPISSL - Success ::
2020-12-18 16:19:21,627 [pool-1-thread-42] INFO  utility.callAPISSL - Success ::
2020-12-18 16:19:21,801 [pool-1-thread-17] INFO  utility.callAPISSL - Success ::
2020-12-18 16:19:21,824 [pool-1-thread-10] INFO  utility.callAPISSL - Success ::
2020-12-18 16:19:21,870 [pool-1-thread-22] INFO  utility.callAPISSL - Success ::
2020-12-18 16:19:22,063 [pool-1-thread-33] INFO  utility.callAPISSL - Success ::
2020-12-18 16:19:22,073 [pool-1-thread-32] INFO  utility.callAPISSL - Success ::
2020-12-18 16:19:22,082 [pool-1-thread-42] INFO  utility.callAPISSL - Success ::
2020-12-18 16:19:22,118 [pool-1-thread-26] INFO  utility.callAPISSL - Success ::
2020-12-18 16:19:22,349 [pool-1-thread-21] INFO  utility.callAPISSL - Success ::
2020-12-18 16:19:22,627 [pool-1-thread-44] INFO  utility.callAPISSL - Success ::
2020-12-18 16:19:22,779 [pool-1-thread-43] INFO  utility.callAPISSL - Success ::
2020-12-18 16:19:22,813 [pool-1-thread-49] INFO  utility.callAPISSL - Success ::
2020-12-18 16:19:22,993 [pool-1-thread-35] INFO  utility.callAPISSL - Success ::
2020-12-18 16:19:23,015 [pool-1-thread-24] INFO  utility.callAPISSL - Success ::
2020-12-18 16:19:23,037 [pool-1-thread-32] INFO  utility.callAPISSL - Success ::
2020-12-18 16:19:23,040 [pool-1-thread-36] INFO  utility.callAPISSL - Success ::
2020-12-18 16:19:23,260 [pool-1-thread-2] INFO  utility.callAPISSL - Success ::
2020-12-18 16:19:23,294 [pool-1-thread-38] INFO  utility.callAPISSL - Success ::
2020-12-18 16:19:23,402 [pool-1-thread-8] INFO  utility.callAPISSL - Success ::
2020-12-18 16:19:23,415 [pool-1-thread-15] INFO  utility.callAPISSL - Success ::
2020-12-18 16:19:23,473 [pool-1-thread-5] INFO  utility.callAPISSL - Success ::
2020-12-18 16:19:23,474 [pool-1-thread-25] INFO  utility.callAPISSL - Success ::
2020-12-18 16:19:23,619 [pool-1-thread-41] INFO  utility.callAPISSL - Success ::
2020-12-18 16:19:23,622 [pool-1-thread-44] INFO  utility.callAPISSL - Success ::
2020-12-18 16:19:23,647 [pool-1-thread-22] INFO  utility.callAPISSL - Success ::
2020-12-18 16:19:23,649 [pool-1-thread-14] INFO  utility.callAPISSL - Success ::
2020-12-18 16:19:23,842 [pool-1-thread-37] INFO  utility.callAPISSL - Success ::
2020-12-18 16:19:23,864 [pool-1-thread-34] INFO  utility.callAPISSL - Success ::
2020-12-18 16:19:23,869 [pool-1-thread-7] INFO  utility.callAPISSL - Success ::
2020-12-18 16:19:24,103 [pool-1-thread-9] INFO  utility.callAPISSL - Success ::
2020-12-18 16:19:24,368 [pool-1-thread-24] INFO  utility.callAPISSL - Success ::
2020-12-18 16:19:24,406 [pool-1-thread-8] INFO  utility.callAPISSL - Success ::
2020-12-18 16:19:24,450 [pool-1-thread-21] INFO  utility.callAPISSL - Success ::
2020-12-18 16:19:24,521 [pool-1-thread-45] INFO  utility.callAPISSL - Success ::
2020-12-18 16:19:24,534 [pool-1-thread-34] INFO  utility.callAPISSL - Success ::
2020-12-18 16:19:24,725 [pool-1-thread-1] INFO  utility.callAPISSL - Success ::
2020-12-18 16:19:24,862 [pool-1-thread-27] INFO  utility.callAPISSL - Success ::
2020-12-18 16:19:24,923 [pool-1-thread-43] INFO  utility.callAPISSL - Success ::
2020-12-18 16:19:24,935 [pool-1-thread-32] INFO  utility.callAPISSL - Success ::
2020-12-18 16:19:24,965 [pool-1-thread-6] INFO  utility.callAPISSL - Success ::
2020-12-18 16:19:25,016 [pool-1-thread-3] INFO  utility.callAPISSL - Success ::
2020-12-18 16:19:25,326 [pool-1-thread-40] INFO  utility.callAPISSL - Success ::
2020-12-18 16:19:25,513 [pool-1-thread-13] INFO  utility.callAPISSL - Success ::
2020-12-18 16:19:56,133 [TestNG-test=Test-1] INFO  utility.csvSSLRead - Reading file :: C:\Code\Modes_Automation\input\Salesforce_SG.csv
2020-12-18 16:19:56,150 [TestNG-test=Test-1] INFO  utility.csvSSLRead - Thread started :: C:\Code\Modes_Automation\input\Salesforce_SG.csv
2020-12-18 16:19:56,554 [pool-1-thread-2] INFO  utility.callAPISSL - Success ::
2020-12-18 16:19:56,663 [pool-1-thread-5] INFO  utility.callAPISSL - Success ::
2020-12-18 16:19:56,669 [pool-1-thread-6] INFO  utility.callAPISSL - Success ::
2020-12-18 16:19:56,704 [pool-1-thread-12] INFO  utility.callAPISSL - Success ::
2020-12-18 16:19:56,744 [pool-1-thread-10] INFO  utility.callAPISSL - Success ::
2020-12-18 16:19:56,937 [pool-1-thread-7] INFO  utility.callAPISSL - Success ::
2020-12-18 16:19:57,009 [pool-1-thread-1] INFO  utility.callAPISSL - Success ::
2020-12-18 16:19:57,023 [pool-1-thread-9] INFO  utility.callAPISSL - Success ::
2020-12-18 16:19:57,035 [pool-1-thread-11] INFO  utility.callAPISSL - Success ::
2020-12-18 16:19:57,035 [pool-1-thread-3] INFO  utility.callAPISSL - Success ::
2020-12-18 16:19:57,059 [pool-1-thread-4] INFO  utility.callAPISSL - Success ::
2020-12-18 16:19:59,223 [pool-1-thread-8] INFO  utility.callAPISSL - Success ::
2020-12-18 16:19:59,223 [TestNG-test=Test-1] INFO  utility.csvSSLRead - Thread complete:: C:\Code\Modes_Automation\input\Salesforce_SG.csv
2020-12-18 16:19:59,252 [TestNG-test=Test-1] INFO  utility.csvSSLRead - Reading file complete:: C:\Code\Modes_Automation\input\Salesforce_SG.csv
